nohup: ignoring input
spot_client ping:  {}
um_futures_client ping:  {}
2024-02-09 16:42:49.353 INFO huice.py:309: Namespace(day_diff=1000, q_type='nq', symbol='BTCUSDT,ETHUSDT')
2024-02-09 16:42:49.353 INFO huice.py:137: prods: BTCUSDT
2024-02-09 16:42:49.353 INFO huice.py:142: start_time: 2021-05-07 00:00:00, end_time: 2024-02-01 00:00:00, date_diff: 1001
return of year describe
9    1434
8       6
Name: return_year_int, dtype: int64
2024-02-09 16:43:23.312 INFO huice.py:255: current date: 2023-12-29 00:00:00
2024-02-09 16:43:23.312 INFO huice.py:257: ----return_value_counts----
          bins  cnt_of_minutes      rate
0    (-100, 0]               0  0.000000
1       (0, 5]               0  0.000000
2       (5, 8]             330  0.006740
3      (8, 10]           22153  0.452471
4     (10, 12]           15732  0.321324
5     (12, 15]            5587  0.114114
6     (15, 18]            5155  0.105290
7     (18, 20]               3  0.000061
8     (20, 30]               0  0.000000
9     (30, 50]               0  0.000000
10  (50, 1000]               0  0.000000
2024-02-09 16:43:23.320 INFO huice.py:270: 10%以上占比: 0.5407883986928105
2024-02-09 16:43:23.320 INFO huice.py:137: prods: ETHUSDT
2024-02-09 16:43:23.321 INFO huice.py:142: start_time: 2021-05-07 00:00:00, end_time: 2024-02-01 00:00:00, date_diff: 1001
return of year describe
10    1437
11       3
Name: return_year_int, dtype: int64
2024-02-09 16:43:55.645 INFO huice.py:255: current date: 2023-12-29 00:00:00
2024-02-09 16:43:55.645 INFO huice.py:257: ----return_value_counts----
          bins  cnt_of_minutes      rate
0    (-100, 0]               0  0.000000
1       (0, 5]               0  0.000000
2       (5, 8]               0  0.000000
3      (8, 10]           12579  0.256924
4     (10, 12]           17774  0.363031
5     (12, 15]           13774  0.281332
6     (15, 18]            4833  0.098713
7     (18, 20]               0  0.000000
8     (20, 30]               0  0.000000
9     (30, 50]               0  0.000000
10  (50, 1000]               0  0.000000
2024-02-09 16:43:55.653 INFO huice.py:270: 10%以上占比: 0.7430759803921568
