nohup: ignoring input
spot_client ping:  {}
um_futures_client ping:  {}
2024-02-09 16:42:35.687 INFO huice.py:309: Namespace(day_diff=1000, q_type='cq', symbol='BTCUSDT,ETHUSDT')
2024-02-09 16:42:35.687 INFO huice.py:137: prods: BTCUSDT
2024-02-09 16:42:35.688 INFO huice.py:142: start_time: 2021-05-07 00:00:00, end_time: 2024-02-01 00:00:00, date_diff: 1001
return of year describe
9     1376
8       52
10      12
Name: return_year_int, dtype: int64
2024-02-09 16:48:23.870 INFO huice.py:238: current date: 2023-02-01 00:00:00
2024-02-09 16:48:23.873 INFO huice.py:240: ----return_value_counts----
          bins  cnt_of_minutes      rate
0    (-100, 0]           15556  0.029520
1       (0, 5]          239288  0.454092
2       (5, 8]          138834  0.263463
3      (8, 10]           74872  0.142083
4     (10, 12]           27010  0.051256
5     (12, 15]           10417  0.019768
6     (15, 18]            5532  0.010498
7     (18, 20]            3058  0.005803
8     (20, 30]            8121  0.015411
9     (30, 50]            2692  0.005109
10  (50, 1000]            1579  0.002996
2024-02-09 16:48:23.880 INFO huice.py:253: 10%以上占比: 0.11084164043122897
2024-02-09 16:54:15.948 INFO huice.py:238: current date: 2022-02-01 00:00:00
2024-02-09 16:54:15.950 INFO huice.py:240: ----return_value_counts----
          bins  cnt_of_minutes      rate
0    (-100, 0]          132086  0.251305
1       (0, 5]          375391  0.714214
2       (5, 8]           10850  0.020643
3      (8, 10]            1268  0.002412
4     (10, 12]             675  0.001284
5     (12, 15]            1158  0.002203
6     (15, 18]            1220  0.002321
7     (18, 20]             791  0.001505
8     (20, 30]            1047  0.001992
9     (30, 50]             837  0.001592
10  (50, 1000]             277  0.000527
2024-02-09 16:54:15.957 INFO huice.py:253: 10%以上占比: 0.011425038051750382
2024-02-09 16:58:36.383 INFO huice.py:255: current date: 2021-05-07 00:00:00
2024-02-09 16:58:36.385 INFO huice.py:257: ----return_value_counts----
          bins  cnt_of_minutes      rate
0    (-100, 0]            9727  0.025043
1       (0, 5]           83957  0.216156
2       (5, 8]          105531  0.271700
3      (8, 10]           50785  0.130751
4     (10, 12]           27123  0.069831
5     (12, 15]           38339  0.098708
6     (15, 18]           23987  0.061757
7     (18, 20]           18980  0.048866
8     (20, 30]           25422  0.065451
9     (30, 50]            3514  0.009047
10  (50, 1000]            1045  0.002690
2024-02-09 16:58:36.392 INFO huice.py:270: 10%以上占比: 0.3563502484488041
2024-02-09 16:58:36.392 INFO huice.py:137: prods: ETHUSDT
2024-02-09 16:58:36.392 INFO huice.py:142: start_time: 2021-05-07 00:00:00, end_time: 2024-02-01 00:00:00, date_diff: 1001
return of year describe
9     1424
8       10
10       6
Name: return_year_int, dtype: int64
2024-02-09 17:04:27.446 INFO huice.py:238: current date: 2023-02-01 00:00:00
2024-02-09 17:04:27.449 INFO huice.py:240: ----return_value_counts----
          bins  cnt_of_minutes      rate
0    (-100, 0]           41232  0.078247
1       (0, 5]          273213  0.518482
2       (5, 8]          106835  0.202743
3      (8, 10]           46186  0.087648
4     (10, 12]           25362  0.048130
5     (12, 15]           14920  0.028314
6     (15, 18]           10985  0.020846
7     (18, 20]            3671  0.006967
8     (20, 30]            2949  0.005596
9     (30, 50]             418  0.000793
10  (50, 1000]            1177  0.002234
2024-02-09 17:04:27.456 INFO huice.py:253: 10%以上占比: 0.1128802082937975
2024-02-09 17:10:21.162 INFO huice.py:238: current date: 2022-02-01 00:00:00
2024-02-09 17:10:21.165 INFO huice.py:240: ----return_value_counts----
          bins  cnt_of_minutes      rate
0    (-100, 0]          289805  0.551379
1       (0, 5]          221817  0.422026
2       (5, 8]           12426  0.023642
3      (8, 10]             347  0.000660
4     (10, 12]             166  0.000316
5     (12, 15]             185  0.000352
6     (15, 18]             150  0.000285
7     (18, 20]              95  0.000181
8     (20, 30]             309  0.000588
9     (30, 50]             225  0.000428
10  (50, 1000]              75  0.000143
2024-02-09 17:10:21.172 INFO huice.py:253: 10%以上占比: 0.00229261796042618
2024-02-09 17:14:43.053 INFO huice.py:255: current date: 2021-05-07 00:00:00
2024-02-09 17:14:43.055 INFO huice.py:257: ----return_value_counts----
          bins  cnt_of_minutes      rate
0    (-100, 0]           12032  0.030978
1       (0, 5]           84283  0.217000
2       (5, 8]           93801  0.241506
3      (8, 10]           41071  0.105744
4     (10, 12]           27737  0.071413
5     (12, 15]           41962  0.108038
6     (15, 18]           33162  0.085381
7     (18, 20]           18793  0.048386
8     (20, 30]           33861  0.087181
9     (30, 50]            1512  0.003893
10  (50, 1000]             187  0.000481
2024-02-09 17:14:43.062 INFO huice.py:270: 10%以上占比: 0.40477238730075366
