nohup: ignoring input
spot_client ping:  {}
um_futures_client ping:  {}
2024-02-09 16:38:56.806 INFO huice.py:309: Namespace(day_diff=1000, q_type='cq', symbol='BTCUSDT,ETHUSDT,ADAUSDT,LINKUSDT,DOTUSDT,XRPUSDT,LTCUSDT,BNBUSDT')
2024-02-09 16:38:56.806 INFO huice.py:137: prods: BTCUSDT
2024-02-09 16:38:56.806 INFO huice.py:142: start_time: 2021-05-07 00:00:00, end_time: 2024-02-01 00:00:00, date_diff: 1001
return of year describe
9     1321
10     105
8       14
Name: return_year_int, dtype: int64
2024-02-09 16:41:29.156 INFO huice.py:238: current date: 2023-02-01 00:00:00
2024-02-09 16:41:29.158 INFO huice.py:240: ----return_value_counts----
          bins  cnt_of_minutes      rate
0    (-100, 0]           20671  0.039227
1       (0, 5]          218160  0.413998
2       (5, 8]          146222  0.277483
3      (8, 10]           66946  0.127042
4     (10, 12]           27823  0.052799
5     (12, 15]           19244  0.036519
6     (15, 18]            8827  0.016751
7     (18, 20]            4390  0.008331
8     (20, 30]            9035  0.017146
9     (30, 50]            3195  0.006063
10  (50, 1000]            2446  0.004642
2024-02-09 16:41:29.166 INFO huice.py:253: 10%以上占比: 0.14225015608424943
2024-02-09 16:44:05.874 INFO huice.py:238: current date: 2022-02-01 00:00:00
2024-02-09 16:44:05.876 INFO huice.py:240: ----return_value_counts----
          bins  cnt_of_minutes      rate
0    (-100, 0]          197157  0.375108
1       (0, 5]          315341  0.599964
2       (5, 8]            4154  0.007903
3      (8, 10]             802  0.001526
4     (10, 12]             489  0.000930
5     (12, 15]             836  0.001591
6     (15, 18]             939  0.001787
7     (18, 20]             610  0.001161
8     (20, 30]            2439  0.004640
9     (30, 50]            1331  0.002532
10  (50, 1000]            1502  0.002858
2024-02-09 16:44:05.883 INFO huice.py:253: 10%以上占比: 0.01549847792998478
2024-02-09 16:46:03.537 INFO huice.py:255: current date: 2021-05-07 00:00:00
2024-02-09 16:46:03.539 INFO huice.py:257: ----return_value_counts----
          bins  cnt_of_minutes      rate
0    (-100, 0]           34745  0.089454
1       (0, 5]          152324  0.392173
2       (5, 8]           84866  0.218496
3      (8, 10]           23066  0.059386
4     (10, 12]           19530  0.050282
5     (12, 15]           34539  0.088924
6     (15, 18]           19074  0.049108
7     (18, 20]            5461  0.014060
8     (20, 30]           12201  0.031413
9     (30, 50]            2604  0.006704
10  (50, 1000]               0  0.000000
2024-02-09 16:46:03.546 INFO huice.py:270: 10%以上占比: 0.2404907185705826
2024-02-09 16:46:03.547 INFO huice.py:137: prods: ETHUSDT
2024-02-09 16:46:03.547 INFO huice.py:142: start_time: 2021-05-07 00:00:00, end_time: 2024-02-01 00:00:00, date_diff: 1001
return of year describe
9    1122
8     318
Name: return_year_int, dtype: int64
2024-02-09 16:48:33.186 INFO huice.py:238: current date: 2023-02-01 00:00:00
2024-02-09 16:48:33.189 INFO huice.py:240: ----return_value_counts----
          bins  cnt_of_minutes      rate
0    (-100, 0]           52035  0.098749
1       (0, 5]          285787  0.542349
2       (5, 8]           88294  0.167559
3      (8, 10]           46314  0.087892
4     (10, 12]           13498  0.025616
5     (12, 15]           15999  0.030362
6     (15, 18]           14336  0.027206
7     (18, 20]            3093  0.005870
8     (20, 30]            4089  0.007760
9     (30, 50]            1701  0.003228
10  (50, 1000]            1797  0.003410
2024-02-09 16:48:33.196 INFO huice.py:253: 10%以上占比: 0.10345141694642496
2024-02-09 16:51:09.577 INFO huice.py:238: current date: 2022-02-01 00:00:00
2024-02-09 16:51:09.580 INFO huice.py:240: ----return_value_counts----
          bins  cnt_of_minutes      rate
0    (-100, 0]          349325  0.664623
1       (0, 5]          170411  0.324222
2       (5, 8]            1498  0.002850
3      (8, 10]             508  0.000967
4     (10, 12]             366  0.000696
5     (12, 15]             581  0.001105
6     (15, 18]             452  0.000860
7     (18, 20]             191  0.000363
8     (20, 30]             551  0.001048
9     (30, 50]             378  0.000719
10  (50, 1000]            1338  0.002546
2024-02-09 16:51:09.587 INFO huice.py:253: 10%以上占比: 0.007338294022629418
2024-02-09 16:53:08.768 INFO huice.py:255: current date: 2021-05-07 00:00:00
2024-02-09 16:53:08.769 INFO huice.py:257: ----return_value_counts----
          bins  cnt_of_minutes      rate
0    (-100, 0]           19855  0.051119
1       (0, 5]          117891  0.303526
2       (5, 8]           92112  0.237155
3      (8, 10]           31960  0.082285
4     (10, 12]           24811  0.063879
5     (12, 15]           35328  0.090957
6     (15, 18]           34020  0.087589
7     (18, 20]           13211  0.034013
8     (20, 30]           18273  0.047046
9     (30, 50]             871  0.002243
10  (50, 1000]              73  0.000188
2024-02-09 16:53:08.776 INFO huice.py:270: 10%以上占比: 0.32591495990010433
2024-02-09 16:53:08.777 INFO huice.py:137: prods: ADAUSDT
2024-02-09 16:53:08.777 INFO huice.py:142: start_time: 2021-05-07 00:00:00, end_time: 2024-02-01 00:00:00, date_diff: 1001
return of year describe
3    1411
4      28
2       1
Name: return_year_int, dtype: int64
2024-02-09 16:55:55.171 INFO huice.py:238: current date: 2023-02-01 00:00:00
2024-02-09 16:55:55.173 INFO huice.py:240: ----return_value_counts----
          bins  cnt_of_minutes      rate
0    (-100, 0]          262107  0.497395
1       (0, 5]          246187  0.467184
2       (5, 8]           11820  0.022431
3      (8, 10]            1903  0.003611
4     (10, 12]            1130  0.002144
5     (12, 15]            1296  0.002459
6     (15, 18]             524  0.000994
7     (18, 20]             209  0.000397
8     (20, 30]             625  0.001186
9     (30, 50]             822  0.001560
10  (50, 1000]             336  0.000638
2024-02-09 16:55:55.180 INFO huice.py:253: 10%以上占比: 0.009378338732235335
2024-02-09 16:58:41.469 INFO huice.py:238: current date: 2022-02-01 00:00:00
2024-02-09 16:58:41.471 INFO huice.py:240: ----return_value_counts----
          bins  cnt_of_minutes      rate
0    (-100, 0]          479638  0.912553
1       (0, 5]           43786  0.083307
2       (5, 8]             888  0.001689
3      (8, 10]             405  0.000771
4     (10, 12]             276  0.000525
5     (12, 15]             275  0.000523
6     (15, 18]             135  0.000257
7     (18, 20]              57  0.000108
8     (20, 30]             107  0.000204
9     (30, 50]              30  0.000057
10  (50, 1000]               3  0.000006
2024-02-09 16:58:41.478 INFO huice.py:253: 10%以上占比: 0.0016799847792998478
2024-02-09 17:00:39.416 INFO huice.py:255: current date: 2021-05-07 00:00:00
2024-02-09 17:00:39.418 INFO huice.py:257: ----return_value_counts----
          bins  cnt_of_minutes      rate
0    (-100, 0]          170685  0.439447
1       (0, 5]          103598  0.266724
2       (5, 8]           42027  0.108203
3      (8, 10]           42335  0.108996
4     (10, 12]           18500  0.047630
5     (12, 15]            9050  0.023300
6     (15, 18]            1526  0.003929
7     (18, 20]             207  0.000533
8     (20, 30]             288  0.000741
9     (30, 50]             173  0.000445
10  (50, 1000]              20  0.000051
2024-02-09 17:00:39.425 INFO huice.py:270: 10%以上占比: 0.07663056211364824
2024-02-09 17:00:39.426 INFO huice.py:137: prods: LINKUSDT
2024-02-09 17:00:39.426 INFO huice.py:142: start_time: 2021-05-07 00:00:00, end_time: 2024-02-01 00:00:00, date_diff: 1001
return of year describe
10    1184
9      192
11      61
8        3
Name: return_year_int, dtype: int64
2024-02-09 17:03:01.239 INFO huice.py:238: current date: 2023-02-01 00:00:00
2024-02-09 17:03:01.241 INFO huice.py:240: ----return_value_counts----
          bins  cnt_of_minutes      rate
0    (-100, 0]           26740  0.050775
1       (0, 5]          238219  0.452340
2       (5, 8]          148821  0.282587
3      (8, 10]           51158  0.097141
4     (10, 12]           23054  0.043776
5     (12, 15]           20757  0.039414
6     (15, 18]            5121  0.009724
7     (18, 20]            2130  0.004045
8     (20, 30]            5785  0.010985
9     (30, 50]            3084  0.005856
10  (50, 1000]            1768  0.003357
2024-02-09 17:03:01.248 INFO huice.py:253: 10%以上占比: 0.11715659932743047
2024-02-09 17:05:32.851 INFO huice.py:238: current date: 2022-02-01 00:00:00
2024-02-09 17:05:32.853 INFO huice.py:240: ----return_value_counts----
          bins  cnt_of_minutes      rate
0    (-100, 0]          354947  0.675602
1       (0, 5]          145588  0.277110
2       (5, 8]            9240  0.017587
3      (8, 10]            2770  0.005272
4     (10, 12]            1832  0.003487
5     (12, 15]            2256  0.004294
6     (15, 18]            1622  0.003087
7     (18, 20]             841  0.001601
8     (20, 30]            2556  0.004865
9     (30, 50]            2047  0.003896
10  (50, 1000]            1680  0.003198
2024-02-09 17:05:32.860 INFO huice.py:253: 10%以上占比: 0.024428079538771054
2024-02-09 17:07:28.370 INFO huice.py:255: current date: 2021-05-07 00:00:00
2024-02-09 17:07:28.372 INFO huice.py:257: ----return_value_counts----
          bins  cnt_of_minutes      rate
0    (-100, 0]           33807  0.087062
1       (0, 5]          114889  0.295871
2       (5, 8]           78444  0.202015
3      (8, 10]           31354  0.080745
4     (10, 12]           31471  0.081046
5     (12, 15]           40885  0.105290
6     (15, 18]           33305  0.085770
7     (18, 20]            8349  0.021501
8     (20, 30]           12986  0.033443
9     (30, 50]            2252  0.005800
10  (50, 1000]             566  0.001458
2024-02-09 17:07:28.379 INFO huice.py:270: 10%以上占比: 0.33430678739557257
2024-02-09 17:07:28.379 INFO huice.py:137: prods: DOTUSDT
2024-02-09 17:07:28.379 INFO huice.py:142: start_time: 2021-05-07 00:00:00, end_time: 2024-02-01 00:00:00, date_diff: 1001
return of year describe
2    868
3    365
1    171
4     21
0     12
5      3
Name: return_year_int, dtype: int64
2024-02-09 17:10:17.343 INFO huice.py:238: current date: 2023-02-01 00:00:00
2024-02-09 17:10:17.346 INFO huice.py:240: ----return_value_counts----
          bins  cnt_of_minutes      rate
0    (-100, 0]          313453  0.595678
1       (0, 5]          170590  0.324185
2       (5, 8]           16594  0.031535
3      (8, 10]            9253  0.017584
4     (10, 12]            5946  0.011300
5     (12, 15]            4919  0.009348
6     (15, 18]            1515  0.002879
7     (18, 20]             562  0.001068
8     (20, 30]            1399  0.002659
9     (30, 50]             990  0.001881
10  (50, 1000]             991  0.001883
2024-02-09 17:10:17.353 INFO huice.py:253: 10%以上占比: 0.03101791673317978
2024-02-09 17:13:06.526 INFO huice.py:238: current date: 2022-02-01 00:00:00
2024-02-09 17:13:06.529 INFO huice.py:240: ----return_value_counts----
          bins  cnt_of_minutes      rate
0    (-100, 0]          518671  0.990511
1       (0, 5]            2972  0.005676
2       (5, 8]             530  0.001012
3      (8, 10]             234  0.000447
4     (10, 12]              82  0.000157
5     (12, 15]             261  0.000498
6     (15, 18]              96  0.000183
7     (18, 20]             161  0.000307
8     (20, 30]             221  0.000422
9     (30, 50]             249  0.000476
10  (50, 1000]             163  0.000311
2024-02-09 17:13:06.535 INFO huice.py:253: 10%以上占比: 0.002354671148117027
2024-02-09 17:15:05.274 INFO huice.py:255: current date: 2021-05-07 00:00:00
2024-02-09 17:15:05.276 INFO huice.py:257: ----return_value_counts----
          bins  cnt_of_minutes      rate
0    (-100, 0]          136270  0.350888
1       (0, 5]           92242  0.237518
2       (5, 8]           44816  0.115399
3      (8, 10]           18462  0.047539
4     (10, 12]           13496  0.034751
5     (12, 15]           24120  0.062108
6     (15, 18]           29760  0.076630
7     (18, 20]            8222  0.021171
8     (20, 30]           15755  0.040568
9     (30, 50]            4704  0.012113
10  (50, 1000]             511  0.001316
2024-02-09 17:15:05.283 INFO huice.py:270: 10%以上占比: 0.24865716684090455
2024-02-09 17:15:05.283 INFO huice.py:137: prods: XRPUSDT
2024-02-09 17:15:05.283 INFO huice.py:142: start_time: 2021-05-07 00:00:00, end_time: 2024-02-01 00:00:00, date_diff: 1001
return of year describe
3    1440
Name: return_year_int, dtype: int64
2024-02-09 17:20:35.368 INFO huice.py:238: current date: 2023-02-01 00:00:00
2024-02-09 17:20:35.370 INFO huice.py:240: ----return_value_counts----
          bins  cnt_of_minutes      rate
0    (-100, 0]           82186  0.155963
1       (0, 5]          411385  0.780676
2       (5, 8]           24522  0.046535
3      (8, 10]            3104  0.005890
4     (10, 12]            1805  0.003425
5     (12, 15]            1526  0.002896
6     (15, 18]             743  0.001410
7     (18, 20]             337  0.000640
8     (20, 30]             729  0.001383
9     (30, 50]             489  0.000928
10  (50, 1000]             134  0.000254
2024-02-09 17:20:35.377 INFO huice.py:253: 10%以上占比: 0.01093631395172309
2024-02-09 17:27:34.972 INFO huice.py:238: current date: 2022-02-01 00:00:00
2024-02-09 17:27:34.975 INFO huice.py:240: ----return_value_counts----
          bins  cnt_of_minutes      rate
0    (-100, 0]          437313  0.832026
1       (0, 5]           87215  0.165934
2       (5, 8]             467  0.000889
3      (8, 10]             178  0.000339
4     (10, 12]             126  0.000240
5     (12, 15]             123  0.000234
6     (15, 18]              54  0.000103
7     (18, 20]              36  0.000068
8     (20, 30]              70  0.000133
9     (30, 50]              18  0.000034
10  (50, 1000]               0  0.000000
2024-02-09 17:27:34.981 INFO huice.py:253: 10%以上占比: 0.0008124048706240487
2024-02-09 17:32:53.356 INFO huice.py:255: current date: 2021-05-07 00:00:00
2024-02-09 17:32:53.358 INFO huice.py:257: ----return_value_counts----
          bins  cnt_of_minutes      rate
0    (-100, 0]          124485  0.320499
1       (0, 5]          138322  0.356124
2       (5, 8]           71703  0.184606
3      (8, 10]           35195  0.090613
4     (10, 12]            9116  0.023470
5     (12, 15]            5527  0.014230
6     (15, 18]            3211  0.008267
7     (18, 20]             331  0.000852
8     (20, 30]             388  0.000999
9     (30, 50]             130  0.000335
10  (50, 1000]               2  0.000005
2024-02-09 17:32:53.364 INFO huice.py:270: 10%以上占比: 0.048157874411060474
2024-02-09 17:32:53.365 INFO huice.py:137: prods: LTCUSDT
2024-02-09 17:32:53.365 INFO huice.py:142: start_time: 2021-05-07 00:00:00, end_time: 2024-02-01 00:00:00, date_diff: 1001
return of year describe
13    1028
12     328
14      77
15       4
11       3
Name: return_year_int, dtype: int64
2024-02-09 17:39:20.027 INFO huice.py:238: current date: 2023-02-01 00:00:00
2024-02-09 17:39:20.029 INFO huice.py:240: ----return_value_counts----
          bins  cnt_of_minutes      rate
0    (-100, 0]           32736  0.062124
1       (0, 5]          213173  0.404547
2       (5, 8]          128055  0.243015
3      (8, 10]           49960  0.094811
4     (10, 12]           37410  0.070995
5     (12, 15]           25763  0.048892
6     (15, 18]           15544  0.029499
7     (18, 20]            5789  0.010986
8     (20, 30]           11266  0.021380
9     (30, 50]            4182  0.007936
10  (50, 1000]            3064  0.005815
2024-02-09 17:39:20.036 INFO huice.py:253: 10%以上占比: 0.1955015922055938
2024-02-09 17:46:19.109 INFO huice.py:238: current date: 2022-02-01 00:00:00
2024-02-09 17:46:19.112 INFO huice.py:240: ----return_value_counts----
          bins  cnt_of_minutes      rate
0    (-100, 0]          314944  0.599713
1       (0, 5]          179669  0.342124
2       (5, 8]           21272  0.040506
3      (8, 10]            2245  0.004275
4     (10, 12]            1272  0.002422
5     (12, 15]            1616  0.003077
6     (15, 18]            1012  0.001927
7     (18, 20]             409  0.000779
8     (20, 30]            1320  0.002514
9     (30, 50]            1021  0.001944
10  (50, 1000]             378  0.000720
2024-02-09 17:46:19.119 INFO huice.py:253: 10%以上占比: 0.013382639129557202
2024-02-09 17:51:38.453 INFO huice.py:255: current date: 2021-05-07 00:00:00
2024-02-09 17:51:38.454 INFO huice.py:257: ----return_value_counts----
          bins  cnt_of_minutes      rate
0    (-100, 0]           46483  0.119726
1       (0, 5]          105615  0.272032
2       (5, 8]           73730  0.189906
3      (8, 10]           35556  0.091581
4     (10, 12]           24248  0.062455
5     (12, 15]           36686  0.094492
6     (15, 18]           30397  0.078293
7     (18, 20]           16030  0.041288
8     (20, 30]           14184  0.036534
9     (30, 50]            4556  0.011735
10  (50, 1000]             760  0.001958
2024-02-09 17:51:38.461 INFO huice.py:270: 10%以上占比: 0.3267550129428582
2024-02-09 17:51:38.462 INFO huice.py:137: prods: BNBUSDT
2024-02-09 17:51:38.462 INFO huice.py:142: start_time: 2021-05-07 00:00:00, end_time: 2024-02-01 00:00:00, date_diff: 1001
return of year describe
-20    975
-19    331
-21    129
-22      5
Name: return_year_int, dtype: int64
2024-02-09 17:58:04.705 INFO huice.py:238: current date: 2023-02-01 00:00:00
2024-02-09 17:58:04.708 INFO huice.py:240: ----return_value_counts----
          bins  cnt_of_minutes      rate
0    (-100, 0]          427527  0.814139
1       (0, 5]           69256  0.131884
2       (5, 8]           13868  0.026409
3      (8, 10]            4239  0.008072
4     (10, 12]            2381  0.004534
5     (12, 15]            1966  0.003744
6     (15, 18]            1402  0.002670
7     (18, 20]             628  0.001196
8     (20, 30]            1622  0.003089
9     (30, 50]            1388  0.002643
10  (50, 1000]             851  0.001621
2024-02-09 17:58:04.718 INFO huice.py:253: 10%以上占比: 0.019496199021952744
2024-02-09 18:05:09.859 INFO huice.py:238: current date: 2022-02-01 00:00:00
2024-02-09 18:05:09.861 INFO huice.py:240: ----return_value_counts----
          bins  cnt_of_minutes      rate
0    (-100, 0]          516184  0.982371
1       (0, 5]            2541  0.004836
2       (5, 8]             861  0.001639
3      (8, 10]             567  0.001079
4     (10, 12]             624  0.001188
5     (12, 15]             855  0.001627
6     (15, 18]             770  0.001465
7     (18, 20]             459  0.000874
8     (20, 30]            1538  0.002927
9     (30, 50]             893  0.001700
10  (50, 1000]             155  0.000295
2024-02-09 18:05:09.868 INFO huice.py:253: 10%以上占比: 0.010075231184115619
2024-02-09 18:10:28.485 INFO huice.py:255: current date: 2021-05-07 00:00:00
2024-02-09 18:10:28.487 INFO huice.py:257: ----return_value_counts----
          bins  cnt_of_minutes      rate
0    (-100, 0]          255142  0.662313
1       (0, 5]           49002  0.127202
2       (5, 8]           22158  0.057519
3      (8, 10]           13981  0.036293
4     (10, 12]           12386  0.032152
5     (12, 15]            6728  0.017465
6     (15, 18]            4845  0.012577
7     (18, 20]            4061  0.010542
8     (20, 30]           11938  0.030989
9     (30, 50]            4559  0.011835
10  (50, 1000]             429  0.001114
2024-02-09 18:10:28.494 INFO huice.py:270: 10%以上占比: 0.11667345916325095
