nohup: ignoring input
spot_client ping:  {}
um_futures_client ping:  {}
2024-02-09 16:40:53.647 INFO huice.py:309: Namespace(day_diff=1000, q_type='nq', symbol='BTCUSDT,ETHUSDT,ADAUSDT,LINKUSDT,DOTUSDT,XRPUSDT,LTCUSDT,BNBUSDT')
2024-02-09 16:40:53.647 INFO huice.py:137: prods: BTCUSDT
2024-02-09 16:40:53.647 INFO huice.py:142: start_time: 2021-05-07 00:00:00, end_time: 2024-02-01 00:00:00, date_diff: 1001
return of year describe
10    1380
11      59
9        1
Name: return_year_int, dtype: int64
2024-02-09 16:41:01.536 INFO huice.py:255: current date: 2023-12-29 00:00:00
2024-02-09 16:41:01.536 INFO huice.py:257: ----return_value_counts----
          bins  cnt_of_minutes      rate
0    (-100, 0]               0  0.000000
1       (0, 5]               0  0.000000
2       (5, 8]             738  0.015074
3      (8, 10]           21396  0.437010
4     (10, 12]           10921  0.223060
5     (12, 15]            8535  0.174326
6     (15, 18]            7309  0.149285
7     (18, 20]              61  0.001246
8     (20, 30]               0  0.000000
9     (30, 50]               0  0.000000
10  (50, 1000]               0  0.000000
2024-02-09 16:41:01.544 INFO huice.py:270: 10%以上占比: 0.5479166666666667
2024-02-09 16:41:01.544 INFO huice.py:137: prods: ETHUSDT
2024-02-09 16:41:01.544 INFO huice.py:142: start_time: 2021-05-07 00:00:00, end_time: 2024-02-01 00:00:00, date_diff: 1001
return of year describe
10    731
9     709
Name: return_year_int, dtype: int64
2024-02-09 16:41:16.165 INFO huice.py:255: current date: 2023-12-29 00:00:00
2024-02-09 16:41:16.166 INFO huice.py:257: ----return_value_counts----
          bins  cnt_of_minutes      rate
0    (-100, 0]               0  0.000000
1       (0, 5]               0  0.000000
2       (5, 8]               2  0.000041
3      (8, 10]           15170  0.309845
4     (10, 12]           13899  0.283885
5     (12, 15]           14473  0.295609
6     (15, 18]            4691  0.095813
7     (18, 20]             725  0.014808
8     (20, 30]               0  0.000000
9     (30, 50]               0  0.000000
10  (50, 1000]               0  0.000000
2024-02-09 16:41:16.173 INFO huice.py:270: 10%以上占比: 0.6901143790849673
2024-02-09 16:41:16.173 INFO huice.py:137: prods: ADAUSDT
2024-02-09 16:41:16.173 INFO huice.py:142: start_time: 2021-05-07 00:00:00, end_time: 2024-02-01 00:00:00, date_diff: 1001
return of year describe
3    1374
2      66
Name: return_year_int, dtype: int64
2024-02-09 16:41:30.776 INFO huice.py:255: current date: 2023-12-29 00:00:00
2024-02-09 16:41:30.776 INFO huice.py:257: ----return_value_counts----
          bins  cnt_of_minutes      rate
0    (-100, 0]               0  0.000000
1       (0, 5]           46745  0.954759
2       (5, 8]            2215  0.045241
3      (8, 10]               0  0.000000
4     (10, 12]               0  0.000000
5     (12, 15]               0  0.000000
6     (15, 18]               0  0.000000
7     (18, 20]               0  0.000000
8     (20, 30]               0  0.000000
9     (30, 50]               0  0.000000
10  (50, 1000]               0  0.000000
2024-02-09 16:41:30.784 INFO huice.py:270: 10%以上占比: 0.0
2024-02-09 16:41:30.784 INFO huice.py:137: prods: LINKUSDT
2024-02-09 16:41:30.784 INFO huice.py:142: start_time: 2021-05-07 00:00:00, end_time: 2024-02-01 00:00:00, date_diff: 1001
return of year describe
9     1417
10      16
8        7
Name: return_year_int, dtype: int64
2024-02-09 16:41:50.097 INFO huice.py:255: current date: 2023-12-29 00:00:00
2024-02-09 16:41:50.098 INFO huice.py:257: ----return_value_counts----
          bins  cnt_of_minutes      rate
0    (-100, 0]               0  0.000000
1       (0, 5]             200  0.004085
2       (5, 8]           13354  0.272753
3      (8, 10]           19586  0.400041
4     (10, 12]           13074  0.267034
5     (12, 15]            2744  0.056046
6     (15, 18]               1  0.000020
7     (18, 20]               1  0.000020
8     (20, 30]               0  0.000000
9     (30, 50]               0  0.000000
10  (50, 1000]               0  0.000000
2024-02-09 16:41:50.105 INFO huice.py:270: 10%以上占比: 0.32312091503267976
2024-02-09 16:41:50.105 INFO huice.py:137: prods: DOTUSDT
2024-02-09 16:41:50.105 INFO huice.py:142: start_time: 2021-05-07 00:00:00, end_time: 2024-02-01 00:00:00, date_diff: 1001
return of year describe
3    1288
2     152
Name: return_year_int, dtype: int64
2024-02-09 16:42:03.981 INFO huice.py:255: current date: 2023-12-29 00:00:00
2024-02-09 16:42:03.981 INFO huice.py:257: ----return_value_counts----
          bins  cnt_of_minutes      rate
0    (-100, 0]               6  0.000123
1       (0, 5]           40970  0.836806
2       (5, 8]            7975  0.162888
3      (8, 10]               9  0.000184
4     (10, 12]               0  0.000000
5     (12, 15]               0  0.000000
6     (15, 18]               0  0.000000
7     (18, 20]               0  0.000000
8     (20, 30]               0  0.000000
9     (30, 50]               0  0.000000
10  (50, 1000]               0  0.000000
2024-02-09 16:42:03.988 INFO huice.py:270: 10%以上占比: 0.0
2024-02-09 16:42:03.989 INFO huice.py:137: prods: XRPUSDT
2024-02-09 16:42:03.989 INFO huice.py:142: start_time: 2021-05-07 00:00:00, end_time: 2024-02-01 00:00:00, date_diff: 1001
return of year describe
3    1440
Name: return_year_int, dtype: int64
2024-02-09 16:42:20.979 INFO huice.py:255: current date: 2023-12-29 00:00:00
2024-02-09 16:42:20.979 INFO huice.py:257: ----return_value_counts----
          bins  cnt_of_minutes      rate
0    (-100, 0]               0  0.000000
1       (0, 5]           48954  0.999877
2       (5, 8]               6  0.000123
3      (8, 10]               0  0.000000
4     (10, 12]               0  0.000000
5     (12, 15]               0  0.000000
6     (15, 18]               0  0.000000
7     (18, 20]               0  0.000000
8     (20, 30]               0  0.000000
9     (30, 50]               0  0.000000
10  (50, 1000]               0  0.000000
2024-02-09 16:42:20.987 INFO huice.py:270: 10%以上占比: 0.0
2024-02-09 16:42:20.987 INFO huice.py:137: prods: LTCUSDT
2024-02-09 16:42:20.987 INFO huice.py:142: start_time: 2021-05-07 00:00:00, end_time: 2024-02-01 00:00:00, date_diff: 1001
return of year describe
10    1359
9       75
11       6
Name: return_year_int, dtype: int64
2024-02-09 16:42:36.537 INFO huice.py:255: current date: 2023-12-29 00:00:00
2024-02-09 16:42:36.537 INFO huice.py:257: ----return_value_counts----
          bins  cnt_of_minutes      rate
0    (-100, 0]               0  0.000000
1       (0, 5]               0  0.000000
2       (5, 8]               8  0.000163
3      (8, 10]           24935  0.509293
4     (10, 12]            8761  0.178942
5     (12, 15]           13529  0.276328
6     (15, 18]            1720  0.035131
7     (18, 20]               3  0.000061
8     (20, 30]               4  0.000082
9     (30, 50]               0  0.000000
10  (50, 1000]               0  0.000000
2024-02-09 16:42:36.544 INFO huice.py:270: 10%以上占比: 0.4905433006535948
2024-02-09 16:42:36.545 INFO huice.py:137: prods: BNBUSDT
2024-02-09 16:42:36.545 INFO huice.py:142: start_time: 2021-05-07 00:00:00, end_time: 2024-02-01 00:00:00, date_diff: 1001
return of year describe
-8    1219
-9     148
-7      73
Name: return_year_int, dtype: int64
2024-02-09 16:42:50.349 INFO huice.py:255: current date: 2023-12-29 00:00:00
2024-02-09 16:42:50.350 INFO huice.py:257: ----return_value_counts----
          bins  cnt_of_minutes      rate
0    (-100, 0]           48958  0.999959
1       (0, 5]               2  0.000041
2       (5, 8]               0  0.000000
3      (8, 10]               0  0.000000
4     (10, 12]               0  0.000000
5     (12, 15]               0  0.000000
6     (15, 18]               0  0.000000
7     (18, 20]               0  0.000000
8     (20, 30]               0  0.000000
9     (30, 50]               0  0.000000
10  (50, 1000]               0  0.000000
2024-02-09 16:42:50.357 INFO huice.py:270: 10%以上占比: 0.0
